2019-02-20 19:31:28

<<<<<<<2019-02-24 18:59:36
<xml><ToUserName><![CDATA[gh_0beb0bfdac8a]]></ToUserName>
<FromUserName><![CDATA[oNAoM6O4HQo3jNtBZ7FnG24nOBIo]]></FromUserName>
<CreateTime>1551005784</CreateTime>
<MsgType><![CDATA[text]]></MsgType>
<Content><![CDATA[什么啊]]></Content>
<MsgId>22205063684055453</MsgId>
</xml>
<<<<<<<2019-02-24 19:00:48
<xml><ToUserName><![CDATA[gh_0beb0bfdac8a]]></ToUserName>
<FromUserName><![CDATA[oNAoM6O4HQo3jNtBZ7FnG24nOBIo]]></FromUserName>
<CreateTime>1551005784</CreateTime>
<MsgType><![CDATA[text]]></MsgType>
<Content><![CDATA[什么啊]]></Content>
<MsgId>22205063684055453</MsgId>
</xml>
<<<<<<<2019-02-25 08:51:00
<xml><ToUserName><![CDATA[gh_0beb0bfdac8a]]></ToUserName>
<FromUserName><![CDATA[oNAoM6O4HQo3jNtBZ7FnG24nOBIo]]></FromUserName>
<CreateTime>1551005784</CreateTime>
<MsgType><![CDATA[text]]></MsgType>
<Content><![CDATA[呵呵]]></Content>
<MsgId>22205063684055453</MsgId>
</xml>
<<<<<<<2019-02-25 08:56:22
<xml><ToUserName><![CDATA[gh_0beb0bfdac8a]]></ToUserName>
<FromUserName><![CDATA[oNAoM6O4HQo3jNtBZ7FnG24nOBIo]]></FromUserName>
<CreateTime>1551005784</CreateTime>
<MsgType><![CDATA[text]]></MsgType>
<Content><![CDATA[董志恒]]></Content>
<MsgId>22205063684055453</MsgId>
</xml>
<<<<<<<2019-02-25 08:57:24
<xml><ToUserName><![CDATA[gh_0beb0bfdac8a]]></ToUserName>
<FromUserName><![CDATA[oNAoM6O4HQo3jNtBZ7FnG24nOBIo]]></FromUserName>
<CreateTime>1551005784</CreateTime>
<MsgType><![CDATA[text]]></MsgType>
<Content><![CDATA[老董]]></Content>
<MsgId>22205063684055453</MsgId>
</xml>
<<<<<<<2019-02-25 09:00:58
<xml><ToUserName><![CDATA[gh_0beb0bfdac8a]]></ToUserName>
<FromUserName><![CDATA[oNAoM6OXj2EDGss-t8GQ_rd3zn50]]></FromUserName>
<CreateTime>1551056431</CreateTime>
<MsgType><![CDATA[text]]></MsgType>
<Content><![CDATA[lllllll]]></Content>
<MsgId>22205789748099666</MsgId>
</xml>

<<<<<<<2019-02-25 09:05:44
<xml><ToUserName><![CDATA[gh_0beb0bfdac8a]]></ToUserName>
<FromUserName><![CDATA[oNAoM6OXj2EDGss-t8GQ_rd3zn50]]></FromUserName>
<CreateTime>1551056431</CreateTime>
<MsgType><![CDATA[text]]></MsgType>
<Content><![CDATA[lllllll]]></Content>
<MsgId>22205789748099666</MsgId>
</xml>

<<<<<<<2019-02-25 09:24:12
<xml><ToUserName><![CDATA[gh_0beb0bfdac8a]]></ToUserName>
<FromUserName><![CDATA[oNAoM6O4HQo3jNtBZ7FnG24nOBIo]]></FromUserName>
<CreateTime>1551057765</CreateTime>
<MsgType><![CDATA[text]]></MsgType>
<Content><![CDATA[什么啊]]></Content>
<MsgId>22205805872125681</MsgId>
</xml>

<<<<<<<2019-02-25 09:30:23
<xml><ToUserName><![CDATA[gh_0beb0bfdac8a]]></ToUserName>
<FromUserName><![CDATA[oNAoM6O4HQo3jNtBZ7FnG24nOBIo]]></FromUserName>
<CreateTime>1551057765</CreateTime>
<MsgType><![CDATA[text]]></MsgType>
<Content><![CDATA[杜凯龙]]></Content>
<MsgId>22205805872125681</MsgId>
</xml>

<<<<<<<2019-02-25 09:42:40
<xml><ToUserName><![CDATA[gh_0beb0bfdac8a]]></ToUserName>
<FromUserName><![CDATA[oNAoM6O4HQo3jNtBZ7FnG24nOBIo]]></FromUserName>
<CreateTime>1551057765</CreateTime>
<MsgType><![CDATA[text]]></MsgType>
<Content><![CDATA[u]]></Content>
<MsgId>22205805872125681</MsgId>
</xml>

<<<<<<<2019-02-25 09:44:43
<xml><ToUserName><![CDATA[gh_0beb0bfdac8a]]></ToUserName>
<FromUserName><![CDATA[oNAoM6O4HQo3jNtBZ7FnG24nOBIo]]></FromUserName>
<CreateTime>1551057765</CreateTime>
<MsgType><![CDATA[text]]></MsgType>
<Content><![CDATA[lllllll]]></Content>
<MsgId>22205805872125681</MsgId>
</xml>

<<<<<<<2019-02-25 09:45:32
<xml><ToUserName><![CDATA[gh_0beb0bfdac8a]]></ToUserName>
<FromUserName><![CDATA[oNAoM6O4HQo3jNtBZ7FnG24nOBIo]]></FromUserName>
<CreateTime>1551057765</CreateTime>
<MsgType><![CDATA[text]]></MsgType>
<Content><![CDATA[胖胖]]></Content>
<MsgId>22205805872125681</MsgId>
</xml>

<<<<<<<2019-02-25 09:53:30
<xml><ToUserName><![CDATA[gh_0beb0bfdac8a]]></ToUserName>
<FromUserName><![CDATA[oNAoM6O4HQo3jNtBZ7FnG24nOBIo]]></FromUserName>
<CreateTime>1551057765</CreateTime>
<MsgType><![CDATA[text]]></MsgType>
<Content><![CDATA[胖胖]]></Content>
<MsgId>22205805872125681</MsgId>
</xml>

<<<<<<<2019-02-25 09:54:14
<xml><ToUserName><![CDATA[gh_0beb0bfdac8a]]></ToUserName>
<FromUserName><![CDATA[oNAoM6O4HQo3jNtBZ7FnG24nOBIo]]></FromUserName>
<CreateTime>1551057765</CreateTime>
<MsgType><![CDATA[text]]></MsgType>
<Content><![CDATA[胖胖]]></Content>
<MsgId>22205805872125681</MsgId>
</xml>

<<<<<<<2019-02-25 10:05:30
<xml><ToUserName><![CDATA[gh_0beb0bfdac8a]]></ToUserName>
<FromUserName><![CDATA[oNAoM6O4HQo3jNtBZ7FnG24nOBIo]]></FromUserName>
<CreateTime>1551057765</CreateTime>
<MsgType><![CDATA[text]]></MsgType>
<Content><![CDATA[小胖胖]]></Content>
<MsgId>22205805872125681</MsgId>
</xml>

<<<<<<<2019-02-25 15:16:31
<xml><ToUserName><![CDATA[gh_0beb0bfdac8a]]></ToUserName>
<FromUserName><![CDATA[oNAoM6O4HQo3jNtBZ7FnG24nOBIo]]></FromUserName>
<CreateTime>1551057765</CreateTime>
<MsgType><![CDATA[text]]></MsgType>
<Content><![CDATA[是个弟弟]]></Content>
<MsgId>22205805872125681</MsgId>
</xml>

<<<<<<<